<?xml version="1.0" encoding="UTF-8"?>
<testsuite xmlns:xsi="http://www.w3.org/2001/XMLSchema-instance" xsi:noNamespaceSchemaLocation="https://maven.apache.org/surefire/maven-surefire-plugin/xsd/surefire-test-report-3.0.xsd" version="3.0" name="com.chatglm.webapp.controller.ChatControllerTest" time="1.568" tests="5" errors="0" skipped="0" failures="0">
  <properties>
[...]
</properties>
  <testcase name="testChatCompletions_Success" classname="com.chatglm.webapp.controller.ChatControllerTest" time="1.484">
    <system-out><![CDATA[14:08:29.757 [main] INFO org.springframework.mock.web.MockServletContext -- Initializing Spring TestDispatcherServlet ''
14:08:29.761 [main] INFO org.springframework.test.web.servlet.TestDispatcherServlet -- Initializing Servlet ''
14:08:29.765 [main] INFO org.springframework.test.web.servlet.TestDispatcherServlet -- Completed initialization in 3 ms
14:08:29.879 [main] INFO com.chatglm.webapp.controller.ChatController -- Received chat request: Hello, ChatGLM!
14:08:29.881 [main] INFO com.chatglm.webapp.controller.ChatController -- Chat response: Hello! How can I help you today?
]]></system-out>
  </testcase>
  <testcase name="testChatCompletions_InvalidRequest" classname="com.chatglm.webapp.controller.ChatControllerTest" time="0.015">
    <system-out><![CDATA[14:08:29.935 [main] INFO org.springframework.mock.web.MockServletContext -- Initializing Spring TestDispatcherServlet ''
14:08:29.935 [main] INFO org.springframework.test.web.servlet.TestDispatcherServlet -- Initializing Servlet ''
14:08:29.935 [main] INFO org.springframework.test.web.servlet.TestDispatcherServlet -- Completed initialization in 0 ms
14:08:29.940 [main] WARN org.springframework.web.servlet.mvc.support.DefaultHandlerExceptionResolver -- Resolved [org.springframework.http.converter.HttpMessageNotReadableException: Required request body is missing: public com.chatglm.webapp.model.ApiResponse<java.lang.String> com.chatglm.webapp.controller.ChatController.chat(com.chatglm.webapp.model.ApiRequest)]
]]></system-out>
  </testcase>
  <testcase name="testHealthCheck" classname="com.chatglm.webapp.controller.ChatControllerTest" time="0.01">
    <system-out><![CDATA[14:08:29.950 [main] INFO org.springframework.mock.web.MockServletContext -- Initializing Spring TestDispatcherServlet ''
14:08:29.950 [main] INFO org.springframework.test.web.servlet.TestDispatcherServlet -- Initializing Servlet ''
14:08:29.950 [main] INFO org.springframework.test.web.servlet.TestDispatcherServlet -- Completed initialization in 0 ms
]]></system-out>
  </testcase>
  <testcase name="testChatCompletions_EmptyMessage" classname="com.chatglm.webapp.controller.ChatControllerTest" time="0.012">
    <system-out><![CDATA[14:08:29.958 [main] INFO org.springframework.mock.web.MockServletContext -- Initializing Spring TestDispatcherServlet ''
14:08:29.958 [main] INFO org.springframework.test.web.servlet.TestDispatcherServlet -- Initializing Servlet ''
14:08:29.958 [main] INFO org.springframework.test.web.servlet.TestDispatcherServlet -- Completed initialization in 0 ms
14:08:29.962 [main] INFO com.chatglm.webapp.controller.ChatController -- Received chat request: 
14:08:29.963 [main] INFO com.chatglm.webapp.controller.ChatController -- Chat response: null
]]></system-out>
  </testcase>
  <testcase name="testChatCompletions_StreamMode" classname="com.chatglm.webapp.controller.ChatControllerTest" time="0.012">
    <system-out><![CDATA[14:08:29.971 [main] INFO org.springframework.mock.web.MockServletContext -- Initializing Spring TestDispatcherServlet ''
14:08:29.971 [main] INFO org.springframework.test.web.servlet.TestDispatcherServlet -- Initializing Servlet ''
14:08:29.971 [main] INFO org.springframework.test.web.servlet.TestDispatcherServlet -- Completed initialization in 0 ms
14:08:29.975 [main] INFO com.chatglm.webapp.controller.ChatController -- Received chat request: Stream test
14:08:29.975 [main] INFO com.chatglm.webapp.controller.ChatController -- Chat response: stream-data
]]></system-out>
  </testcase>
</testsuite>